         w __deregister_frame_info
         w __register_frame_info
         w userAppExit
         w userAppInit
00000000 00000802 B __ctru_dev_utf16_buf
00000000 A __sync_synchronize
00000000 b _TLS_MODULE_BASE_
00000000 a shift
00000000 a shift
00000804 00000401 B __ctru_dev_path_buf
00100000 A __start__
00100000 T _start
00100008 T __service_ptr
0010000c T __apt_appid
00100010 T __heap_size
00100014 T __linear_heap_size
00100018 T __system_arglist
0010001c T __system_runflags
00100020 t startup
00100058 t ClearMem
0010006c t ClrLoop
00100094 T _init
001000ac T __aeabi_idiv
001000ac 00000220 T __divsi3
001000b4 t .divsi3_skip_div0_test
001002cc 00000020 T __aeabi_idivmod
001002ec 00000004 W __aeabi_idiv0
001002ec 00000004 W __aeabi_ldiv0
001002f0 T __aeabi_uldivmod
00100348 00000390 T strcmp
001006d0 T __aeabi_uidiv
001006d0 000001ec T __udivsi3
001006d0 t .udivsi3_skip_div0_test
001008bc 00000020 T __aeabi_uidivmod
001008dc t __do_global_dtors_aux
0010092c t frame_dummy
00100958 00000294 T main
00100bec 000001c8 T consoleDrawChar
00100db4 00000170 T consolePrintChar
00100f24 00000cc8 T con_write
00101bec 000000fc t newRow
00101ce8 00000180 T consoleInit
00101e68 000000cc t gfxPresentFramebuffer
00101f34 0000001c T gfxIsWide
00101f50 000000f8 T gfxSetScreenFormat
00102048 00000010 T gfxSetDoubleBuffering
00102058 000000d8 T gfxInit
00102130 00000010 T gfxInitDefault
00102140 000000b8 T gfxExit
001021f8 000000a0 T gfxGetFramebuffer
00102298 00000100 T gfxFlushBuffers
00102398 00000050 T gfxSwapBuffers
001023e8 00000050 T gfxSwapBuffersGpu
00102438 00000180 t aptConvertScreenForCapture
001025b8 00000008 W aptDspSleep
001025c0 00000004 W aptDspWakeup
001025c4 00000004 W aptDspCancel
001025c8 00000138 T aptSendCommand
00102700 00000044 t aptExitProcess
00102744 00000394 T aptExit
00102ad8 000000d8 T aptHandleSleep
00102bb0 00000084 T APT_SleepIfShellClosed
00102c34 00000078 T aptSetSleepAllowed
00102cac 00000084 T APT_UnlockTransition
00102d30 00000470 t aptEventHandler
001031a0 000000bc T APT_ReceiveParameter
0010325c 000000b0 t aptReceiveParameter.constprop.0
00103310 00000294 t aptScreenTransfer
001035a4 000002d0 t aptWaitForWakeUp.isra.0
00103874 000000f4 T aptJumpToHomeMenu
00103968 00000058 T aptMainLoop
001039c0 00000240 T aptInit
00103c00 00000090 T APT_CheckNew3DS
00103c90 00000c70 t gspHardwareInit
00104900 00000288 T gspInit
00104b88 00000104 T gspExit
00104c8c 00000010 T gspHasGpuRight
00104c9c 000000a4 T gspPresentBuffer
00104d40 00000050 T gspWaitForEvent
00104d90 00000004 W gxCmdQueueInterrupt
00104d94 00000154 t gspEventThreadMain
00104ee8 00000050 T GSPGPU_FlushDataCache
00104f38 00000034 T GSPGPU_SetLcdForceBlack
00104f6c 00000084 T GSPGPU_AcquireRight
00104ff0 00000064 T GSPGPU_ReleaseRight
00105054 0000007c T GSPGPU_ImportDisplayCaptureInfo
001050d0 0000002c T GSPGPU_SaveVramSysArea
001050fc 0000002c T GSPGPU_RestoreVramSysArea
00105128 00000024 W hidShouldUseIrrst
0010514c 000001cc T hidInit
00105318 000000e8 T hidExit
00105400 000002a0 T hidScanInput
001056a0 00000010 T hidKeysDown
001056b0 00000200 T httpcInit
001058b0 000000bc T httpcExit
0010596c 00000170 T httpcOpenContext
00105adc 00000040 T httpcCloseContext
00105b1c 00000134 T httpcDownloadData
00105c50 00000030 T httpcBeginRequest
00105c80 00000064 T httpcGetDownloadSizeState
00105ce4 0000003c T httpcGetResponseStatusCode
00105d20 000001a4 T irrstInit
00105ec4 000000dc T irrstExit
00105fa0 000000b4 T irrstScanInput
00106054 00000024 T irrstKeysHeld
00106078 00000034 t soc_read
001060ac 00000034 t soc_write
001060e0 000000b0 t soc_close
00106190 00000190 T socInit
00106320 00000088 T socExit
001063a8 00000148 T socuipc_cmd7
001064f0 00000168 T socuipc_cmd8
00106658 00000010 T soc_recvfrom
00106668 0000015c T socuipc_cmd9
001067c4 00000160 T socuipc_cmda
00106924 00000010 T soc_sendto
00106934 00000038 W __libctru_init
0010696c 0000016c W __system_initArgv
00106ad8 00000030 T __syscall_getreent
00106b08 00000004 T __syscall_lock_acquire
00106b0c 00000004 T __syscall_lock_release
00106b10 00000004 T __syscall_lock_acquire_recursive
00106b14 00000004 T __syscall_lock_release_recursive
00106b18 00000004 T __syscall_exit
00106b1c 00000054 T initThreadVars
00106b70 00000080 T __system_initSyscalls
00106bf0 T svcControlMemory
00106c10 T svcQueryMemory
00106c40 T svcExitProcess
00106c48 T svcCreateThread
00106c68 T svcExitThread
00106c70 T svcSleepThread
00106c78 T svcReleaseMutex
00106c80 T svcCreateEvent
00106c94 T svcSignalEvent
00106c9c T svcClearEvent
00106ca4 T svcCreateMemoryBlock
00106cbc T svcMapMemoryBlock
00106cc4 T svcUnmapMemoryBlock
00106ccc T svcCreateAddressArbiter
00106ce0 T svcArbitrateAddressNoTimeout
00106ce8 T svcCloseHandle
00106cf0 T svcWaitSynchronization
00106cf8 T svcWaitSynchronizationN
00106d20 T svcDuplicateHandle
00106d34 T svcConnectToPort
00106d48 T svcSendSyncRequest
00106d50 T svcGetResourceLimit
00106d64 T svcGetResourceLimitLimitValues
00106d6c T svcGetResourceLimitCurrentValues
00106d74 T svcBreak
00106d7c W initSystem
00106dcc W __ctru_exit
00106de0 00000024 t addrMapNodeComparator(rbtree_node const*, rbtree_node const*)
00106e04 00000004 t addrMapNodeDestructor(rbtree_node*)
00106e08 0000012c T linearMemAlign
00106f34 00000008 T linearAlloc
00106f3c 0000005c T linearFree
00106f98 00000088 T MemPool::CoalesceRight(MemBlock*)
00107020 00000178 T MemPool::Allocate(MemChunk&, unsigned long, int)
00107198 00000118 T MemPool::Deallocate(MemChunk const&)
001072b0 00000030 T MemPool::GetFreeSpace()
001072e0 00000024 t addrMapNodeComparator(rbtree_node const*, rbtree_node const*)
00107304 00000004 t addrMapNodeDestructor(rbtree_node*)
00107308 00000248 T vramMemAlignAt
00107550 0000000c T vramAlloc
0010755c 00000094 T vramFree
001075f0 0000008c W envGetHandle
0010767c 00000050 W envDestroyHandles
001076cc 00000034 T __ctru_speedup_config
00107700 00000164 T srvInit
00107864 00000064 T srvExit
001078c8 00000060 T srvEnableNotification
00107928 000000a0 T srvGetServiceHandleDirect
001079c8 00000048 T srvGetServiceHandle
00107a10 00000034 T srvSubscribe
00107a44 00000060 T srvReceiveNotification
00107aa4 00000038 T srvPublishToSubscriber
00107adc 0000000c T __sync_init
00107ae8 00000018 T __sync_fini
00107b00 00000028 T syncArbitrateAddress
00107b28 000000ac T LightLock_Lock
00107bd4 00000040 T LightLock_Unlock
00107c14 00000054 T RecursiveLock_Lock
00107c68 00000054 T RecursiveLock_Unlock
00107cbc 00000044 T LightEvent_Init
00107d00 000000b8 T LightEvent_Clear
00107db8 000000dc T LightEvent_Signal
00107e94 00000050 T LightEvent_TryWait
00107ee4 000000ac T LightEvent_Wait
00107f90 000001fc T threadCreate
0010818c 00000038 T threadFree
001081c4 00000024 T threadJoin
001081e8 00000030 T threadGetCurrent
00108218 00000040 T threadExit
00108258 00000020 t _thread_begin
00108278 00000090 t mappableFindAddressWithin
00108308 00000028 T mappableInit
00108330 0000007c T mappableAlloc
001083ac 00000004 T mappableFree
001083b0 00000078 T ptmSysmInit
00108428 0000003c T ptmSysmExit
00108464 00000034 T PTMSYSM_ConfigureNew3DSCPU
00108498 0000000c T srvPmGetSessionHandle
001084a4 0000003c T _net_convert_error
001084e0 00000074 T rbtree_find
00108554 00000010 T rbtree_init
00108564 00000198 t do_insert
001086fc 00000008 T rbtree_insert
00108704 00000310 T rbtree_remove
00108a14 00000090 T rbtree_rotate
00108aa8 000001e8 W __system_allocateHeaps
00108c90 00000030 W __appExit
00108cc0 00000030 W __appInit
00108cf0 00000090 W __libctru_exit
00108d80 00000024 t error_cmp
00108da4 00000050 t archive_translate_error
00108df4 000000c0 t archive_seek
00108eb4 00000078 t _archiveInit.part.0
00108f2c 00000110 t archiveFindDevice.part.0
0010903c 00000298 t archive_utf16path
001092d4 00000098 t _archiveUnmountDeviceStruct.part.0
0010936c 00000178 t _archiveMountDevice
001094e4 000000f8 t archive_diropen
001095dc 000000ac t archive_fstat
00109688 00000074 t archive_fsync
001096fc 00000074 t archive_close
00109770 00000078 t archive_dirclose
001097e8 000000ec t sdmc_statvfs
001098d4 000000f8 t archive_chdir
001099cc 0000008c t archive_ftruncate
00109a58 000000bc t archive_read
00109b14 000000a8 t archive_unlink
00109bbc 000000c0 t archive_rmdir
00109c7c 000000d8 t archive_mkdir
00109d54 000001a0 t archive_stat
00109ef4 00000164 t archive_dirnext
0010a058 0000013c t archive_write
0010a198 00000254 t archive_open
0010a3ec 00000270 t archive_rename
0010a65c 000001c8 T archiveMountSdmc
0010a824 00000054 T archiveUnmountAll
0010a878 00000104 T fsInit
0010a97c 0000003c T fsExit
0010a9b8 00000068 T fsExemptFromSession
0010aa20 00000050 T fsUnexemptFromSession
0010aa70 000000cc T FSUSER_OpenFile
0010ab3c 000000b8 T FSUSER_DeleteFile
0010abf4 000000f4 T FSUSER_RenameFile
0010ace8 000000b8 T FSUSER_DeleteDirectory
0010ada0 000000d0 T FSUSER_CreateFile
0010ae70 000000c0 T FSUSER_CreateDirectory
0010af30 000000f4 T FSUSER_RenameDirectory
0010b024 000000b4 T FSUSER_OpenDirectory
0010b0d8 00000090 T FSUSER_OpenArchive
0010b168 0000008c T FSUSER_CloseArchive
0010b1f4 00000074 T FSUSER_GetSdmcArchiveResource
0010b268 00000064 T FSUSER_IsSdmcWritable
0010b2cc 00000064 T FSFILE_Read
0010b330 0000006c T FSFILE_Write
0010b39c 00000044 T FSFILE_GetSize
0010b3e0 00000028 T FSFILE_SetSize
0010b408 0000003c T FSFILE_Close
0010b444 00000024 T FSFILE_Flush
0010b468 00000060 T FSDIR_Read
0010b4c8 0000003c T FSDIR_Close
0010b504 00000060 T rbtree_node_next
0010b564 00000140 T decode_utf8
0010b6a4 000000e8 T utf16_to_utf8
0010b78c 000000c0 T utf8_to_utf16
0010b84c T __aeabi_read_tp
0010b858 00000054 T decode_utf16
0010b8ac 00000054 T encode_utf16
0010b900 000000e0 T encode_utf8
0010b9e0 00000130 T __udivmoddi4
0010bb10 000000e4 T strncat
0010bbf4 00000128 T memcpy
0010bd1c 0000008c T strlen
0010bda8 00000078 T bsearch
0010be20 00000028 T memalign
0010be48 000000a0 T snprintf
0010bee8 00000034 T printf
0010bf1c 000001ec t _strtoul_l.isra.0
0010c108 0000003c T strtoul
0010c144 0000016c T _memalign_r
0010c2b0 0000000c T __errno
0010c2bc 000000e4 T memset
0010c3a0 0000022c T __sflush_r
0010c5cc 000000c4 T _fflush_r
0010c690 0000082c T _malloc_r
0010cebc 00000114 T _malloc_trim_r
0010cfd0 00000314 T _free_r
0010d2e4 00000294 T setvbuf
0010d578 0000001c t stdio_exit_handler
0010d594 0000005c t cleanup_stdio
0010d5f0 00000154 t global_stdio_init.part.0
0010d744 0000005c T __sinit
0010d7a0 0000000c T __sfp_lock_acquire
0010d7ac 0000000c T __sfp_lock_release
0010d7b8 00000084 T __libc_init_array
0010d83c 000000d4 T strncpy
0010d910 00000040 T malloc
0010d950 00000020 T free
0010d970 000000e0 T _puts_r
0010da50 00000020 T puts
0010da70 00000044 T __sread
0010dab4 00000068 T __swrite
0010db1c 00000040 T __sseek
0010db5c 00000008 T __sclose
0010db64 0000000c T __malloc_lock
0010db70 0000000c T __malloc_unlock
0010db7c 00000148 T _fclose_r
0010dcc4 00000004 W __call_exitprocs
0010dcc8 00000030 T exit
0010dcf8 000005e0 t get_arg
0010e2d8 0000345c T _svfprintf_r
00111734 0000003c T __libc_fini_array
00111770 0000003c T strnlen
001117ac 000000d8 T strncmp
00111888 00000088 T frexp
00111910 00000070 T _fwalk_sglue
00111980 000005e0 t get_arg
00111f60 00003554 T _vfprintf_r
001154b4 000000b4 t __sbprintf
00115568 000000a0 T _wcrtomb_r
00115608 000000a4 T __ssprint_r
001156ac 000004a4 T __sfvwrite_r
00115b50 00000164 T __smakebuf_r
00115cb4 00000090 T __swhatbuf_r
00115d44 00000024 T __locale_mb_cur_max
00115d68 00000030 T __sprint_r
00115d98 000001c0 t quorem
00115f58 00001420 T _dtoa_r
00117378 000000e8 T memchr
00117460 00000028 T _wcsrtombs_r
00117488 00000140 T __swsetup_r
001175c8 00000024 T _localeconv_r
001175ec 000001a8 T memmove
00117794 000004f0 T _realloc_r
00117c84 0000012c T __ssputs_r
00117db0 000000f8 T __utf8_wctomb
00117ea8 0000015c T _wcsnrtombs_l
00118004 00000064 T _wcsnrtombs_r
00118068 0000005c T __assert_func
001180c4 00000088 T _Balloc
0011814c 0000001c T _Bfree
00118168 000000f4 T __multadd
0011825c 00000080 T __hi0bits
001182dc 000000f0 T __lo0bits
001183cc 000000a4 T __i2b
00118470 00000230 T __multiply
001186a0 00000130 T __pow5mult
001187d0 00000138 T __lshift
00118908 00000058 T __mcmp
00118960 00000218 T __mdiff
00118b78 00000120 T __d2b
00118c98 00000340 T __utf8_mbtowc
00118fd8 0000003c T fiprintf
00119014 00000140 T strchr
00119154 00000014 T abort
00119168 000000d8 T _calloc_r
00119240 000005e0 t get_arg
00119820 000022f8 T _vfiprintf_r
0011bb18 000000b4 t __sbprintf
0011bbcc 0000009c T _raise_r
0011bc68 00000020 T raise
0011bc88 00000020 T _exit
0011bca8 00000140 T chdir
0011bde8 000001c8 T _concatenate_path
0011bfb0 0000009c T _fstat_r
0011c04c 00000014 T _getpid_r
0011c060 0000002c T __getreent
0011c08c 00000058 T __get_handle
0011c0e4 00000110 T _close_r
0011c1f4 00000008 t null_write
0011c1fc 00000018 T setDefaultDevice
0011c214 00000098 T FindDevice
0011c2ac 00000024 T RemoveDevice
0011c2d0 00000088 T AddDevice
0011c358 00000020 T GetDeviceOpTab
0011c378 00000008 T _isatty_r
0011c380 00000014 T _kill_r
0011c394 00000094 T _lseek_r
0011c428 00000094 T _read_r
0011c4bc 00000078 W _sbrk_r
0011c534 0000001c T __libc_lock_acquire
0011c550 0000001c T __libc_lock_release
0011c56c 0000001c T __libc_lock_acquire_recursive
0011c588 0000001c T __libc_lock_release_recursive
0011c5a4 00000094 T _write_r
0011c638 00000048 T strrchr
0011c680 T _fini
0011d258 r .LC2
0011d5dc 00000080 r dotab_stdout
0011d65c 00000018 r grayScale
0011d674 00000006 r colorCube
0011d67c 00000030 r colorTable
0011d6c8 00000008 r morton_y.2
0011d6d0 00000008 r morton_x.3
0011d6d8 00000008 r s_sleepWakeEvents.4
0011d6e0 0000000c r serviceNameTable.5
0011d6ec R default_font_bin
0011deec 0000004d r _net_error_code_map
0011deec R default_font_bin_end
0011df3c 00000030 r error_table
0011df6c 00000080 r archive_devoptab
0011e114 00000010 r zeroes.0
0011e124 00000010 r blanks.1
0011e134 00000101 R _ctype_
0011e320 00000010 r zeroes.0
0011e330 00000010 r blanks.1
0011e340 0000006c R __action_table
0011e3ac 0000006c R __state_table
0011e418 00000100 R __chclass
0011e520 0000000c r p05.0
0011e530 00000028 R __mprec_bigtens
0011e558 000000c8 R __mprec_tens
0011e70c 00000010 r zeroes.0
0011e71c 00000010 r blanks.1
0011e72c 00000080 R dotab_stdnull
0011e7ac R __tdata_align
0011e7b0 r __EH_FRAME_BEGIN__
0011e7b0 R __exidx_end
0011e7b0 R __exidx_start
0011f000 00000001 d firstConsoleInit.0
0011f004 00000004 D currentConsole
0011f008 00000048 D defaultConsole
0011f050 00000004 d aptChainloadDeliverArgSize
0011f054 00000004 d kCount
0011f058 00000004 d kInterval
0011f05c 00000004 d kDelay
0011f060 00000080 d soc_devoptab
0011f0e0 W __stacksize__
0011f0e4 00000004 D _impure_ptr
0011f0e8 00000200 D _impure_data
0011f2e8 00000004 D __malloc_sbrk_base
0011f2ec 00000004 D __malloc_trim_threshold
0011f2f0 00000408 D __malloc_av_
0011f6f8 0000000c D __sglue
0011f704 00000254 D __global_locale
0011f958 00000400 d _current_working_directory
0011fd58 00001000 d handles
00120d58 0000000c d __stderr_handle
00120d64 0000000c d __stdout_handle
00120d70 0000000c d __stdin_handle
00120d7c 0000008c D devoptab_list
00120e08 00000004 d defaultDevice
00120e14 d _GLOBAL_OFFSET_TABLE_
00120e20 d __frame_dummy_init_array_entry
00120e20 D __init_array_start
00120e20 B __preinit_array_end
00120e20 B __preinit_array_start
00120e20 D __tdata_lma
00120e20 D __tdata_lma_end
00120e24 d __do_global_dtors_aux_fini_array_entry
00120e24 D __fini_array_start
00120e24 D __init_array_end
00120e28 D __bss_start__
00120e28 D __fini_array_end
00120e28 00000004 b socBuffer
00120e2c b completed.1
00120e30 b object.0
00120e48 00000064 b escapeSeq
00120eac 00000048 B currentCopy
00120ef4 00000004 b screenAlloc
00120ef8 00000004 b screenFree
00120efc 00000002 b gfxIsDoubleBuf
00120f00 00000002 b gfxCurBuf
00120f02 00000001 b gfxIsVram
00120f03 00000001 b gfxTopMode
00120f04 00000002 b gfxFramebufferFormats
00120f08 00000004 b gfxBottomFramebufferMaxSize
00120f0c 00000004 b gfxTopFramebufferMaxSize
00120f10 00000008 b gfxBottomFramebuffers
00120f18 00000008 b gfxTopFramebuffers
00120f20 00000001 b flagValue.0
00120f21 00000001 b flagInit.1
00120f24 00000004 b serviceName.6
00120f28 00000001 b aptChainloadFlags
00120f29 00000001 b aptChainloadMediatype
00120f2c 00000020 b aptChainloadHmac
00120f4c 00000300 b aptChainloadDeliverArg
00121250 00000008 b aptChainloadTid
00121258 00001000 b aptParameters
00122258 00000004 b aptFlags
0012225c 00000001 b aptHomeButtonState
00122260 00000004 b aptMessageFuncData
00122264 00000004 b aptMessageFunc
00122268 0000000c b aptFirstHook
00122274 00000001 b aptEventHandlerThreadQuit
00122278 00000004 b aptEventHandlerThread
0012227c 00000008 b aptSleepEvent
00122284 00000008 b aptReceiveEvent
0012228c 00000008 b aptEvents
00122294 00000004 b aptLockHandle
00122298 00000004 b aptRefCount
0012229c 00000007 b gspEventCbOneShot
001222a4 0000001c b gspEventCbData
001222c0 0000001c b gspEventCb
001222dc 00000038 b gspEvents
00122314 00000004 b gspLastEvent
00122318 00000001 b gspRunEvents
0012231c 00000004 b gspEventThread
00122320 00000004 b gspEvent
00122324 00000001 b gspGpuRight
00122325 00000001 b gspThreadId
00122328 00000004 b gspSharedMem
0012232c 00000004 b gspSharedMemHandle
00122330 00000004 b gspRefCount
00122334 00000004 b gspGpuHandle
00122338 00000001 b usingIrrst
0012233c 00000004 b hidRefCount
00122340 00000006 b gRate
00122348 00000006 b aVec
00122350 00000004 b cPos
00122354 00000004 b tPos
00122358 00000004 b kRepeat
0012235c 00000004 b kUp
00122360 00000004 b kDown
00122364 00000004 b kHeld
00122368 00000004 b kOld
0012236c 00000004 B hidSharedMem
00122370 00000014 B hidEvents
00122384 00000004 B hidMemHandle
00122388 00000004 B hidHandle
0012238c 00000004 b __httpc_sharedmem_handle
00122390 00000004 b __httpc_sharedmem_size
00122394 00000004 B __httpc_sharedmem_addr
00122398 00000004 b __httpc_refcount
0012239c 00000004 B __httpc_servhandle
001223a0 00000004 b irrstRefCount
001223a4 00000004 b csPos
001223a8 00000004 b kHeld
001223ac 00000004 B irrstSharedMem
001223b0 00000004 B irrstEvent
001223b4 00000004 B irrstMemHandle
001223b8 00000004 B irrstHandle
001223bc 00000004 B __system_retAddr
001223c0 00000004 B __system_argv
001223c4 00000004 B __system_argc
001223c8 b saved_stack
001223d0 00000008 b sLinearPool
001223d8 0000000c b sAddrMap
001223e8 00000008 b sVramPoolB
001223f0 00000008 b sVramPoolA
001223f8 0000000c b sAddrMap
00122404 00000004 B __3dslink_host
00122408 00000001 V __ctru_speedup
0012240c 00000004 b srvRefCount
00122410 00000004 b srvHandle
00122414 00000004 b arbiter
00122418 00000004 b currentAddr
0012241c 00000004 b maxAddr
00122420 00000004 b minAddr
00122424 00000004 b ptmSysmRefCount
00122428 00000004 b ptmSysmHandle
0012242c 00000004 b srvPmHandle
00122430 00000004 B socMemhandle
00122434 00000004 B SOCU_handle
00122438 00000004 V __ctru_linear_heap_size
0012243c 00000004 V __ctru_heap_size
00122440 00000004 B __ctru_linear_heap
00122444 00000004 B __ctru_heap
00122448 000005c0 b archive_devices
00122a08 00000004 b archive_device_cwd
00122a0c 00000001 b archive_initialized
00122a10 00000080 b fsExemptArchives
00122a90 00000004 b fsuRefCount
00122a94 00000004 b fsuHandle
00122a98 00000028 B __malloc_current_mallinfo
00122ac0 00000004 B __malloc_max_total_mem
00122ac4 00000004 B __malloc_max_sbrked_mem
00122ac8 00000004 B __malloc_top_pad
00122acc 0000000c b __sfp_recursive_mutex
00122ad8 00000168 B __sf
00122c40 00000004 B __stdio_exit_handler
00122c44 0000000c b __malloc_recursive_mutex
00122c50 00000400 b temp_cwd
00123050 00000004 b __hndl_lock
00123054 00000004 B fake_heap_start
00123058 00000004 B fake_heap_end
0012305c 00000004 b heap_start.0
00123060 B __tls_start
00123c68 B __bss_end__
00123c68 A __end__
00123c68 B __tls_end
